\BOOKMARK [1][-]{section*.3}{\376\377\000\040\000D\000A\000N\000H\000\040\000M\036\344\000C\000\040\000K\000\335\000\040\000H\000I\036\306\000U\000\040\000V\000\300\000\040\000C\000H\036\356\000\040\000V\000I\036\276\000T\000\040\000T\036\256\000T}{}% 1
\BOOKMARK [1][-]{section*.4}{\376\377\000\040\000D\000A\000N\000H\000\040\000M\036\344\000C\000\040\000H\000\314\000N\000H\000\040\000V\036\274}{}% 2
\BOOKMARK [1][-]{section*.5}{\376\377\000\040\000D\000A\000N\000H\000\040\000M\036\344\000C\000\040\000B\036\242\000N\000G\000\040\000B\000I\036\302\000U}{}% 3
\BOOKMARK [1][-]{table.3}{\376\377\000C\000H\001\257\001\240\000N\000G\000\040\0001\000.\000\040\000G\000I\036\332\000I\000\040\000T\000H\000I\036\306\000U\000\040\000C\000H\000U\000N\000G}{}% 4
\BOOKMARK [2][-]{subsection.6}{\376\377\000V\000a\000i\000\040\000t\000r\000\362\000\040\000c\036\347\000a\000\040\000t\000h\000i\036\277\000t\000\040\000b\036\313\000\040\001\021\036\315\000c\000\040\000g\000h\000i\000\040\000m\000\340\000n\000\040\000h\000\354\000n\000h\000\040\000c\036\331\000t\000\040\000b\001\241\000m\000\040\000x\001\003\000n\000g\000\040\000d\036\247\000u}{table.3}% 5
\BOOKMARK [2][-]{subsection.7}{\376\377\000K\000h\000\341\000i\000\040\000q\000u\000\341\000t\000\040\000v\036\301\000\040\000y\000\352\000u\000\040\000c\036\247\000u\000\040\000v\000\340\000\040\000c\000h\036\351\000c\000\040\000n\001\003\000n\000g\000\040\000c\036\347\000a\000\040\000h\036\307\000\040\000t\000h\036\321\000n\000g}{table.3}% 6
\BOOKMARK [2][-]{subsection.9}{\376\377\000P\000h\036\241\000m\000\040\000v\000i\000\040\000n\000g\000h\000i\000\352\000n\000\040\000c\036\351\000u}{table.3}% 7
\BOOKMARK [2][-]{subsection.10}{\376\377\000P\000h\001\260\001\241\000n\000g\000\040\000p\000h\000\341\000p\000\040\000n\000g\000h\000i\000\352\000n\000\040\000c\036\351\000u}{table.3}% 8
\BOOKMARK [2][-]{subsection.12}{\376\377\000C\036\245\000u\000\040\000t\000r\000\372\000c\000\040\001\021\036\323\000\040\000\341\000n}{table.3}% 9
\BOOKMARK [2][-]{subsection.13}{\376\377\000K\036\277\000t\000\040\000l\000u\036\255\000n\000\040\000c\000h\001\260\001\241\000n\000g}{table.3}% 10
\BOOKMARK [1][-]{subsection.13}{\376\377\000\040\000C\000H\001\257\001\240\000N\000G\000\040\0002\000.\000\040\000C\001\240\000\040\000S\036\336\000\040\000L\000\335\000\040\000T\000H\000U\000Y\036\276\000T}{}% 11
\BOOKMARK [2][-]{subsection.14}{}{subsection.13}% 12
\BOOKMARK [1][-]{subsection.14}{\376\377\000C\000H\001\257\001\240\000N\000G\000\040\0003\000.\000\040\000P\000H\001\257\001\240\000N\000G\000\040\000P\000H\000\301\000P\000\040\000L\000U\036\254\000N}{}% 13
\BOOKMARK [2][-]{subsection.15}{\376\377\000P\000h\000\342\000n\000\040\000t\000\355\000c\000h\000\040\000y\000\352\000u\000\040\000c\036\247\000u\000\040\000h\036\307\000\040\000t\000h\036\321\000n\000g}{subsection.14}% 14
\BOOKMARK [3][-]{subsubsection.17}{\376\377\000T\000h\000i\036\277\000t\000\040\000b\036\313\000\040\001\021\036\315\000c\000\040\000g\000h\000i\000\040\000m\000\340\000n\000\040\000h\000\354\000n\000h}{subsection.15}% 15
\BOOKMARK [3][-]{subsubsection.18}{\376\377\000P\000h\036\247\000n\000\040\000m\036\301\000m\000\040\000g\000i\036\243\000i\000\040\000m\000\343}{subsection.15}% 16
\BOOKMARK [3][-]{subsubsection.19}{\376\377\000H\036\307\000\040\000t\000h\036\321\000n\000g\000\040\000m\036\241\000n\000g}{subsection.15}% 17
\BOOKMARK [2][-]{subsection.20}{\376\377\000M\000\364\000\040\000h\000\354\000n\000h\000\040\000t\000h\000i\036\277\000t\000\040\000k\036\277\000\040\000t\036\325\000n\000g\000\040\000t\000h\036\303}{subsection.14}% 18
\BOOKMARK [3][-]{subsubsection.21}{\376\377\000S\001\241\000\040\001\021\036\323\000\040\000k\000h\036\321\000i\000\040\000c\000h\036\351\000c\000\040\000n\001\003\000n\000g\000\040\000t\000h\000i\036\277\000t\000\040\000b\036\313\000\040\001\021\036\315\000c\000\040\000g\000h\000i\000\040\000m\000\340\000n\000\040\000h\000\354\000n\000h\000\040\000\050\000D\000e\000v\000i\000c\000e\000\051}{subsection.20}% 19
\BOOKMARK [3][-]{subsubsection.23}{\376\377\000S\001\241\000\040\001\021\036\323\000\040\000k\000h\036\321\000i\000\040\000c\000h\036\351\000c\000\040\000n\001\003\000n\000g\000\040\000p\000h\036\247\000n\000\040\000m\036\301\000m\000\040\000g\000i\036\243\000i\000\040\000m\000\343\000\040\000\050\000D\000e\000v\000i\000c\000e\000\040\000S\000e\000r\000v\000i\000c\000e\000\051}{subsection.20}% 20
\BOOKMARK [1][-]{figure.caption.24}{\376\377\000\040\000C\000H\001\257\001\240\000N\000G\000\040\0004\000.\000\040\000M\000\324\000\040\000P\000H\036\316\000N\000G\000\040\000V\000\300\000\040\000K\036\276\000T\000\040\000Q\000U\036\242}{}% 21
\BOOKMARK [1][-]{section*.25}{\376\377\000K\036\276\000T\000\040\000L\000U\036\254\000N}{}% 22
\BOOKMARK [1][-]{section*.26}{\376\377\000T\000\300\000I\000\040\000L\000I\036\306\000U\000\040\000T\000H\000A\000M\000\040\000K\000H\036\242\000O}{}% 23
\BOOKMARK [1][-]{section*.27}{\376\377\000\040\000P\000H\036\344\000\040\000L\036\344\000C}{}% 24
\BOOKMARK [1][-]{appendix.28}{\376\377\000M\036\331\000t\000\040\000s\036\321\000\040\000p\000h\001\260\001\241\000n\000g\000\040\000p\000h\000\341\000p\000\040\001\021\000o\000\040\000v\000\340\000\040\000h\000i\036\307\000u\000\040\000c\000h\000u\036\251\000n}{}% 25
